2026-07-01 11:47:07 | INFO     | trading_bot | === Trading bot CLI started ===
2026-07-01 11:47:07 | INFO     | trading_bot | Args: symbol=BTCUSDT side=BUY type=MARKET quantity=0.01 price=None
2026-07-01 11:47:07 | INFO     | trading_bot | Placing order: {'symbol': 'BTCUSDT', 'side': 'BUY', 'type': 'MARKET', 'quantity': 0.01, 'price': 'N/A (market order)'}
2026-07-01 11:47:07 | INFO     | trading_bot | REQUEST POST /fapi/v1/order params={'symbol': 'BTCUSDT', 'side': 'BUY', 'type': 'MARKET', 'quantity': 0.01, 'timestamp': 1782886627222, 'recvWindow': 5000}
2026-07-01 11:47:09 | INFO     | trading_bot | RESPONSE POST /fapi/v1/order status=401 body={"code":-2014,"msg":"API-key format invalid."}
2026-07-01 11:47:09 | ERROR    | trading_bot | API ERROR POST /fapi/v1/order: code=-2014 msg=API-key format invalid.
2026-07-01 11:47:09 | ERROR    | trading_bot | Order failed (API error): Binance API error -2014 (HTTP 401): API-key format invalid.
2026-07-01 11:56:45 | INFO     | trading_bot | === Trading bot CLI started ===
2026-07-01 11:56:45 | INFO     | trading_bot | Args: symbol=BTCUSDT side=BUY type=MARKET quantity=0.01 price=None
2026-07-01 11:56:45 | INFO     | trading_bot | Placing order: {'symbol': 'BTCUSDT', 'side': 'BUY', 'type': 'MARKET', 'quantity': 0.01, 'price': 'N/A (market order)'}
2026-07-01 11:56:45 | INFO     | trading_bot | REQUEST POST /fapi/v1/order params={'symbol': 'BTCUSDT', 'side': 'BUY', 'type': 'MARKET', 'quantity': 0.01, 'timestamp': 1782887205049, 'recvWindow': 5000}
2026-07-01 11:56:46 | INFO     | trading_bot | RESPONSE POST /fapi/v1/order status=401 body={"code":-2015,"msg":"Invalid API-key, IP, or permissions for action"}
2026-07-01 11:56:46 | ERROR    | trading_bot | API ERROR POST /fapi/v1/order: code=-2015 msg=Invalid API-key, IP, or permissions for action
2026-07-01 11:56:46 | ERROR    | trading_bot | Order failed (API error): Binance API error -2015 (HTTP 401): Invalid API-key, IP, or permissions for action
2026-07-01 11:57:14 | INFO     | trading_bot | === Trading bot CLI started ===
2026-07-01 11:57:14 | INFO     | trading_bot | Args: symbol=BTCUSDT side=BUY type=MARKET quantity=0.01 price=None
2026-07-01 11:57:14 | INFO     | trading_bot | Placing order: {'symbol': 'BTCUSDT', 'side': 'BUY', 'type': 'MARKET', 'quantity': 0.01, 'price': 'N/A (market order)'}
2026-07-01 11:57:14 | INFO     | trading_bot | REQUEST POST /fapi/v1/order params={'symbol': 'BTCUSDT', 'side': 'BUY', 'type': 'MARKET', 'quantity': 0.01, 'timestamp': 1782887234313, 'recvWindow': 5000}
2026-07-01 11:57:16 | INFO     | trading_bot | RESPONSE POST /fapi/v1/order status=401 body={"code":-2015,"msg":"Invalid API-key, IP, or permissions for action"}
2026-07-01 11:57:16 | ERROR    | trading_bot | API ERROR POST /fapi/v1/order: code=-2015 msg=Invalid API-key, IP, or permissions for action
2026-07-01 11:57:16 | ERROR    | trading_bot | Order failed (API error): Binance API error -2015 (HTTP 401): Invalid API-key, IP, or permissions for action
2026-07-01 13:13:39 | INFO     | trading_bot | === Trading bot CLI started ===
2026-07-01 13:13:39 | INFO     | trading_bot | Args: symbol=BTCUSDT side=BUY type=MARKET quantity=0.01 price=None
2026-07-01 14:24:53 | INFO     | trading_bot | === Trading bot CLI started ===
2026-07-01 14:24:53 | INFO     | trading_bot | Args: symbol=BTCUSDT side=BUY type=MARKET quantity=0.01 price=None
2026-07-01 14:25:29 | INFO     | trading_bot | === Trading bot CLI started ===
2026-07-01 14:25:29 | INFO     | trading_bot | Args: symbol=BTCUSDT side=SELL type=LIMIT quantity=0.01 price=65000
2026-07-01 14:26:08 | INFO     | trading_bot | === Trading bot CLI started ===
2026-07-01 14:26:08 | INFO     | trading_bot | Args: symbol=ETHUSDT side=BUY type=MARKET quantity=0.5 price=None
2026-07-01 14:27:05 | INFO     | trading_bot | Placing order: {'symbol': 'BTCUSDT', 'side': 'BUY', 'type': 'MARKET', 'quantity': 0.01, 'price': 'N/A (market order)'}
2026-07-01 14:27:05 | INFO     | trading_bot | REQUEST POST /fapi/v1/order params={'symbol': 'BTCUSDT', 'side': 'BUY', 'type': 'MARKET', 'quantity': 0.01, 'timestamp': 1782896225221, 'recvWindow': 5000}
2026-07-01 14:27:05 | DEBUG    | trading_bot | Full request params (incl. signature): {'symbol': 'BTCUSDT', 'side': 'BUY', 'type': 'MARKET', 'quantity': 0.01, 'timestamp': 1782896225221, 'recvWindow': 5000, 'signature': 'cda699f4c2e5fb64f47ec4db72a6bd3576b1e6f479244138313eb0420cdba5fb'}
2026-07-01 14:27:05 | INFO     | trading_bot | RESPONSE POST /fapi/v1/order status=200 body={"orderId": 100001, "symbol": "BTCUSDT", "status": "FILLED", "side": "BUY", "type": "MARKET", "executedQty": "0.01", "origQty": "0.01", "avgPrice": "60123.50", "price": "60123.50", "updateTime": 1782896225218}
2026-07-01 14:27:05 | INFO     | trading_bot | Order placed successfully: orderId=100001 status=FILLED
2026-07-01 14:27:05 | INFO     | trading_bot | Placing order: {'symbol': 'ETHUSDT', 'side': 'SELL', 'type': 'LIMIT', 'quantity': 0.5, 'price': 3200.0}
2026-07-01 14:27:05 | INFO     | trading_bot | REQUEST POST /fapi/v1/order params={'symbol': 'ETHUSDT', 'side': 'SELL', 'type': 'LIMIT', 'quantity': 0.5, 'price': 3200.0, 'timeInForce': 'GTC', 'timestamp': 1782896225227, 'recvWindow': 5000}
2026-07-01 14:27:05 | DEBUG    | trading_bot | Full request params (incl. signature): {'symbol': 'ETHUSDT', 'side': 'SELL', 'type': 'LIMIT', 'quantity': 0.5, 'price': 3200.0, 'timeInForce': 'GTC', 'timestamp': 1782896225227, 'recvWindow': 5000, 'signature': '862f811b46d45fbe491a19d3378aa9b9e23defeebad5ba9c51441ce48ca1baf2'}
2026-07-01 14:27:05 | INFO     | trading_bot | RESPONSE POST /fapi/v1/order status=200 body={"orderId": 100002, "symbol": "ETHUSDT", "status": "NEW", "side": "SELL", "type": "LIMIT", "executedQty": "0", "origQty": "0.5", "avgPrice": "0.00", "price": "3200.00", "updateTime": 1782896225226}
2026-07-01 14:27:05 | INFO     | trading_bot | Order placed successfully: orderId=100002 status=NEW
